starting main.py

------------------------------------------------------------
Sender: LSF System <lsfadmin@hpc.dtu.dk>
Subject: Job 28202983: <Main_LCB> in cluster <dcc> Exited

Job <Main_LCB> was submitted from host <n-62-9-42> by user <s245977> in cluster <dcc> at Tue Apr 14 12:09:25 2026
Job was executed on host(s) <6*n-62-20-10>, in queue <gpuv100>, as user <s245977> in cluster <dcc> at Tue Apr 14 12:58:09 2026
</zhome/bc/5/216945> was used as the home directory.
</zhome/bc/5/216945/Desktop/Fagprojekt_Modeling_the_structure_of_DNA> was used as the working directory.
Started at Tue Apr 14 12:58:09 2026
Terminated at Tue Apr 14 12:59:48 2026
Results reported at Tue Apr 14 12:59:48 2026

Your job looked like:

------------------------------------------------------------
# LSBATCH: User input
#BSUB -J Main_LCB
#BSUB -o Main_LCB%J.out
#BSUB -e Main_LCB%J.err
#BSUB -n 6
#BSUB -q gpuv100
#BSUB -gpu "num=1:mode=exclusive_process"
#BSUB -R "rusage[mem=1100]"
#BSUB -R "span[hosts=1]"
#BSUB -W 08:00
# end of BSUB options

#!/bin/bash
cd "$LS_SUBCWD" || exit 1

module purge
module load cuda/12.6
module load python3/3.12.11

source .venv/bin/activate

export OMP_NUM_THREADS=4
export MKL_NUM_THREADS=4

python src/dna_modelling/main.py
------------------------------------------------------------

Exited with exit code 1.

Resource usage summary:

    CPU time :                                   10.00 sec.
    Max Memory :                                 43 MB
    Average Memory :                             43.00 MB
    Total Requested Memory :                     6600.00 MB
    Delta Memory :                               6557.00 MB
    Max Swap :                                   -
    Max Processes :                              4
    Max Threads :                                7
    Run time :                                   99 sec.
    Turnaround time :                            3023 sec.

The output (if any) is above this job summary.



PS:

Read file <Main_LCB28202983.err> for stderr output of this job.

